<?xml version="1.0" encoding="UTF-8"?>
<!-- Generated by org.testng.reporters.JUnitReportReporter -->
<testsuite skipped="5" hostname="HYRD5CG7423WVT" name="TestCases.Testcases" tests="5" failures="0" timestamp="09 Jan 2019 02:39:27 GMT" time="0.000" errors="0">
  <testcase name="verifyFileUploadTest" time="0.000" classname="TestCases.Testcases">
    <skipped/>
  </testcase> <!-- verifyFileUploadTest -->
  <testcase name="verifyDragAndDropTest" time="0.000" classname="TestCases.Testcases">
    <skipped/>
  </testcase> <!-- verifyDragAndDropTest -->
  <testcase name="verifyHoverTest" time="0.000" classname="TestCases.Testcases">
    <skipped/>
  </testcase> <!-- verifyHoverTest -->
  <testcase name="verifyFileUploadTest" time="0.000" classname="TestCases.Testcases">
    <skipped/>
  </testcase> <!-- verifyFileUploadTest -->
  <testcase name="verifyFileUploadTest" time="0.000" classname="TestCases.Testcases">
    <skipped/>
  </testcase> <!-- verifyFileUploadTest -->
</testsuite> <!-- TestCases.Testcases -->
